<?xml version="1.0" encoding="utf-8"?><testsuites name="pytest tests"><testsuite name="pytest" errors="0" failures="0" skipped="0" tests="6" time="1.681" timestamp="2026-08-24T16:06:27.625419+00:00" hostname="agent-env-f25a344e-b759-456c-bac3-7974f0046fa4"><testcase classname="tests.test_frenzy_api" name="test_health" time="0.403" /><testcase classname="tests.test_frenzy_api" name="test_demo_pass_lookup[TEST-001]" time="0.104" /><testcase classname="tests.test_frenzy_api" name="test_demo_pass_lookup[FF-TEST-001]" time="0.095" /><testcase classname="tests.test_frenzy_api" name="test_register_and_lookup" time="0.168" /><testcase classname="tests.test_frenzy_api" name="test_admin_login_and_scan" time="0.256" /><testcase classname="tests.test_frenzy_api" name="test_stats" time="0.105" /></testsuite></testsuites>