<?xml version="1.0" encoding="utf-8"?><testsuites name="pytest tests"><testsuite name="pytest" errors="0" failures="0" skipped="0" tests="6" time="1.552" timestamp="2026-08-24T16:03:17.671899+00:00" hostname="agent-env-f25a344e-b759-456c-bac3-7974f0046fa4"><testcase classname="tests.test_frenzy_api" name="test_health" time="0.304" /><testcase classname="tests.test_frenzy_api" name="test_demo_pass_lookup[TEST-001]" time="0.075" /><testcase classname="tests.test_frenzy_api" name="test_demo_pass_lookup[FF-TEST-001]" time="0.074" /><testcase classname="tests.test_frenzy_api" name="test_register_and_lookup" time="0.167" /><testcase classname="tests.test_frenzy_api" name="test_admin_login_and_scan" time="0.253" /><testcase classname="tests.test_frenzy_api" name="test_stats" time="0.144" /></testsuite></testsuites>