<?xml version="1.0" encoding="utf-8"?><testsuites name="pytest tests"><testsuite name="pytest" errors="0" failures="0" skipped="0" tests="18" time="3.008" timestamp="2026-08-24T17:16:55.707476+00:00" hostname="agent-env-f25a344e-b759-456c-bac3-7974f0046fa4"><testcase classname="tests.test_frenzy_api" name="test_root" time="0.357" /><testcase classname="tests.test_frenzy_api" name="test_health" time="0.075" /><testcase classname="tests.test_frenzy_api" name="test_demo_pass_lookup[TEST-001]" time="0.075" /><testcase classname="tests.test_frenzy_api" name="test_demo_pass_lookup[FF-TEST-001]" time="0.074" /><testcase classname="tests.test_frenzy_api" name="test_demo_pass_lookup[ff-test-001]" time="0.084" /><testcase classname="tests.test_frenzy_api" name="test_seeded_pass_ff_8492" time="0.081" /><testcase classname="tests.test_frenzy_api" name="test_pass_not_found" time="0.075" /><testcase classname="tests.test_frenzy_api" name="test_register_and_lookup" time="0.197" /><testcase classname="tests.test_frenzy_api" name="test_register_duplicate_roll" time="0.096" /><testcase classname="tests.test_frenzy_api" name="test_register_missing_required_field" time="0.081" /><testcase classname="tests.test_frenzy_api" name="test_register_blank_name_rejected" time="0.092" /><testcase classname="tests.test_frenzy_api" name="test_admin_login_bad_password" time="0.111" /><testcase classname="tests.test_frenzy_api" name="test_admin_info" time="0.085" /><testcase classname="tests.test_frenzy_api" name="test_scan_requires_auth" time="0.101" /><testcase classname="tests.test_frenzy_api" name="test_scan_bad_token" time="0.078" /><testcase classname="tests.test_frenzy_api" name="test_scan_valid_then_already_used" time="0.481" /><testcase classname="tests.test_frenzy_api" name="test_scan_unknown_code" time="0.081" /><testcase classname="tests.test_frenzy_api" name="test_stats" time="0.103" /></testsuite></testsuites>